<?xml version="1.0" encoding="UTF-8"?>
<!-- Generated by org.testng.reporters.JUnitReportReporter -->
<testsuite hostname="Geo" failures="0" tests="1" name="MyRunner.TestRunner" time="0.229" errors="0" timestamp="25 Jun 2024 15:23:40 GMT" skipped="0">
  <testcase classname="MyRunner.TestRunner" name="feature" time="0.229"/>
</testsuite> <!-- MyRunner.TestRunner -->
